<?xml version="1.0" encoding="UTF-8"?>
<!-- Generated by org.testng.reporters.JUnitReportReporter -->
<testsuite hostname="Luminar" failures="0" tests="5" name="testngpkg.testngdmo" time="0.013" errors="0" timestamp="2024-11-10T15:15:12 IST" skipped="1">
  <testcase classname="testngpkg.testngdmo" name="test3" time="0.006"/>
  <system-out/>
  <testcase classname="testngpkg.testngdmo" name="test1" time="0.004"/>
  <system-out/>
  <testcase classname="testngpkg.testngdmo" name="test1" time="0.002"/>
  <system-out/>
  <testcase classname="testngpkg.testngdmo" name="test1" time="0.001"/>
  <system-out/>
  <testcase classname="testngpkg.testngdmo" name="test2">
    <skipped/>
  </testcase> <!-- test2 -->
  <system-out/>
</testsuite> <!-- testngpkg.testngdmo -->
